<?xml version="1.0" encoding="UTF-8"?>
<!-- Generated by org.testng.reporters.JUnitXMLReporter -->
<testsuite ignored="0" hostname="DESKTOP-KSBD2KN" failures="0" tests="3" name="Default test" time="0.127" errors="0" timestamp="2024-06-06T11:33:45 IST">
  <testcase classname="z61OptionalEx.CreateOptionalObjectEx" name="testCreateEmpty" time="0.024"/>
  <testcase classname="z61OptionalEx.CreateOptionalObjectEx" name="testUsingOf" time="0.003"/>
  <testcase classname="z61OptionalEx.CreateOptionalObjectEx" name="testUsingOfNullable" time="0.003"/>
</testsuite> <!-- Default test -->
