<?xml version="1.0" encoding="UTF-8"?>
<testng-results ignored="0" total="3" passed="3" failed="0" skipped="0">
  <reporter-output>
  </reporter-output>
  <suite started-at="2024-06-06T11:33:45 IST" name="Default suite" finished-at="2024-06-06T11:33:45 IST" duration-ms="127">
    <groups>
    </groups>
    <test started-at="2024-06-06T11:33:45 IST" name="Default test" finished-at="2024-06-06T11:33:45 IST" duration-ms="127">
      <class name="z61OptionalEx.CreateOptionalObjectEx">
        <test-method signature="testCreateEmpty()[pri:0, instance:z61OptionalEx.CreateOptionalObjectEx@1dde4cb2]" started-at="2024-06-06T11:33:45 IST" name="testCreateEmpty" finished-at="2024-06-06T11:33:45 IST" duration-ms="24" status="PASS">
          <reporter-output>
          </reporter-output>
        </test-method> <!-- testCreateEmpty -->
        <test-method signature="testUsingOf()[pri:0, instance:z61OptionalEx.CreateOptionalObjectEx@1dde4cb2]" started-at="2024-06-06T11:33:45 IST" name="testUsingOf" finished-at="2024-06-06T11:33:45 IST" duration-ms="3" status="PASS">
          <reporter-output>
          </reporter-output>
        </test-method> <!-- testUsingOf -->
        <test-method signature="testUsingOfNullable()[pri:0, instance:z61OptionalEx.CreateOptionalObjectEx@1dde4cb2]" started-at="2024-06-06T11:33:45 IST" name="testUsingOfNullable" finished-at="2024-06-06T11:33:45 IST" duration-ms="3" status="PASS">
          <reporter-output>
          </reporter-output>
        </test-method> <!-- testUsingOfNullable -->
      </class> <!-- z61OptionalEx.CreateOptionalObjectEx -->
    </test> <!-- Default test -->
  </suite> <!-- Default suite -->
</testng-results>
