<?xml version="1.0" encoding="UTF-8"?>
<!-- Generated by org.testng.reporters.JUnitXMLReporter -->
<testsuite ignored="0" hostname="DESKTOP-KSBD2KN" failures="1" tests="1" name="fetchData" time="1.841" errors="0" timestamp="2023-12-20T15:58:48 IST">
  <testcase classname="testNGParameterization.DataProviderCreateLead" name="runCreate" time="1.77">
    <failure type="org.testng.internal.reflect.MethodMatcherException" message="
[public void testNGParameterization.DataProviderCreateLead.runCreate(java.lang.String,java.lang.String,java.lang.String,java.lang.String)] has no parameters defined but was found to be using a data provider (either explicitly specified or inherited from class level annotation).
Data provider mismatch
Method: runCreate([Parameter{index=0, type=java.lang.String, declaredAnnotations=[]}, Parameter{index=1, type=java.lang.String, declaredAnnotations=[]}, Parameter{index=2, type=java.lang.String, declaredAnnotations=[]}, Parameter{index=3, type=java.lang.String, declaredAnnotations=[]}])
Arguments: [(java.lang.String) ACC Ltd.,(java.lang.String) CCP,(java.lang.String) ACC,(java.lang.String) 987,(java.lang.String) ]">
      <![CDATA[org.testng.internal.reflect.MethodMatcherException: 
[public void testNGParameterization.DataProviderCreateLead.runCreate(java.lang.String,java.lang.String,java.lang.String,java.lang.String)] has no parameters defined but was found to be using a data provider (either explicitly specified or inherited from class level annotation).
Data provider mismatch
Method: runCreate([Parameter{index=0, type=java.lang.String, declaredAnnotations=[]}, Parameter{index=1, type=java.lang.String, declaredAnnotations=[]}, Parameter{index=2, type=java.lang.String, declaredAnnotations=[]}, Parameter{index=3, type=java.lang.String, declaredAnnotations=[]}])
Arguments: [(java.lang.String) ACC Ltd.,(java.lang.String) CCP,(java.lang.String) ACC,(java.lang.String) 987,(java.lang.String) ]
at java.base/java.util.ArrayList.forEach(ArrayList.java:1511)
... Removed 22 stack frames]]>
    </failure>
  </testcase> <!-- runCreate -->
</testsuite> <!-- fetchData -->
