<?xml version="1.0" encoding="UTF-8"?>
<!-- Generated by org.testng.reporters.JUnitXMLReporter -->
<testsuite ignored="0" hostname="DESKTOP-KSBD2KN" failures="0" tests="3" name="Regression" time="158.731" errors="0" timestamp="2023-12-23T16:08:46 IST">
  <testcase classname="TestNGtestcase.createLead" name="cLead" time="64.819"/>
  <testcase classname="TestNGtestcase.DeleteLead" name="delLead" time="40.708"/>
  <testcase classname="TestNGtestcase.MergeLead" name="mrgLead" time="53.108"/>
</testsuite> <!-- Regression -->
