<?xml version="1.0" encoding="UTF-8"?>
<!-- Generated by org.testng.reporters.JUnitXMLReporter -->
<testsuite ignored="0" hostname="DESKTOP-KSBD2KN" failures="0" tests="3" name="Test" time="76.473" errors="0" timestamp="2024-05-03T11:47:59 IST">
  <testcase classname="TestNGtestcase.DuplicateLead" name="dupLead" time="32.008"/>
  <testcase classname="TestNGtestcase.createLead" name="cLead" time="20.087"/>
  <testcase classname="TestNGtestcase.DeleteLead" name="delLead" time="24.286"/>
</testsuite> <!-- Test -->
